  [1m[35m (1.7ms)[0m  [1m[35mCREATE TABLE "schema_migrations" ("version" varchar NOT NULL PRIMARY KEY)[0m
  [1m[35m (1.0ms)[0m  [1m[35mCREATE TABLE "ar_internal_metadata" ("key" varchar NOT NULL PRIMARY KEY, "value" varchar, "created_at" datetime(6) NOT NULL, "updated_at" datetime(6) NOT NULL)[0m
  [1m[36mActiveRecord::SchemaMigration Pluck (0.1ms)[0m  [1m[34mSELECT "schema_migrations"."version" FROM "schema_migrations" ORDER BY "schema_migrations"."version" ASC[0m
Migrating to DeviseCreateUsers (20231030193838)
  [1m[36mTRANSACTION (0.1ms)[0m  [1m[36mbegin transaction[0m
  [1m[35m (0.5ms)[0m  [1m[35mCREATE TABLE "users" ("id" integer PRIMARY KEY AUTOINCREMENT NOT NULL, "email" varchar DEFAULT '' NOT NULL, "encrypted_password" varchar DEFAULT '' NOT NULL, "reset_password_token" varchar, "reset_password_sent_at" datetime(6), "remember_created_at" datetime(6), "created_at" datetime(6) NOT NULL, "updated_at" datetime(6) NOT NULL)[0m
  [1m[35m (0.1ms)[0m  [1m[35mCREATE UNIQUE INDEX "index_users_on_email" ON "users" ("email")[0m
  [1m[35m (0.1ms)[0m  [1m[35mCREATE UNIQUE INDEX "index_users_on_reset_password_token" ON "users" ("reset_password_token")[0m
  [1m[36mActiveRecord::SchemaMigration Create (0.2ms)[0m  [1m[32mINSERT INTO "schema_migrations" ("version") VALUES (?)[0m  [["version", "20231030193838"]]
  [1m[36mTRANSACTION (0.9ms)[0m  [1m[36mcommit transaction[0m
Migrating to CreateJwtDenylist (20231030193922)
  [1m[36mTRANSACTION (0.0ms)[0m  [1m[36mbegin transaction[0m
  [1m[35m (0.4ms)[0m  [1m[35mCREATE TABLE "jwt_denylist" ("id" integer PRIMARY KEY AUTOINCREMENT NOT NULL, "jti" varchar NOT NULL, "exp" datetime(6) NOT NULL, "created_at" datetime(6) NOT NULL, "updated_at" datetime(6) NOT NULL)[0m
  [1m[35m (0.1ms)[0m  [1m[35mCREATE INDEX "index_jwt_denylist_on_jti" ON "jwt_denylist" ("jti")[0m
  [1m[36mActiveRecord::SchemaMigration Create (0.1ms)[0m  [1m[32mINSERT INTO "schema_migrations" ("version") VALUES (?)[0m  [["version", "20231030193922"]]
  [1m[36mTRANSACTION (0.9ms)[0m  [1m[36mcommit transaction[0m
  [1m[36mActiveRecord::InternalMetadata Load (0.2ms)[0m  [1m[34mSELECT "ar_internal_metadata".* FROM "ar_internal_metadata" WHERE "ar_internal_metadata"."key" = ? LIMIT ?[0m  [["key", "environment"], ["LIMIT", 1]]
  [1m[36mTRANSACTION (0.1ms)[0m  [1m[36mbegin transaction[0m
  [1m[36mActiveRecord::InternalMetadata Create (0.6ms)[0m  [1m[32mINSERT INTO "ar_internal_metadata" ("key", "value", "created_at", "updated_at") VALUES (?, ?, ?, ?)[0m  [["key", "environment"], ["value", "development"], ["created_at", "2023-10-30 19:46:38.828706"], ["updated_at", "2023-10-30 19:46:38.828706"]]
  [1m[36mTRANSACTION (0.9ms)[0m  [1m[36mcommit transaction[0m
  [1m[36mActiveRecord::SchemaMigration Pluck (0.1ms)[0m  [1m[34mSELECT "schema_migrations"."version" FROM "schema_migrations" ORDER BY "schema_migrations"."version" ASC[0m
Started POST "/users" for ::1 at 2023-10-31 13:11:43 -0600
  [1m[36mActiveRecord::SchemaMigration Pluck (0.4ms)[0m  [1m[34mSELECT "schema_migrations"."version" FROM "schema_migrations" ORDER BY "schema_migrations"."version" ASC[0m
Processing by Users::RegistrationsController#create as */*
  Parameters: {"user"=>{"email"=>"rocks@example.com", "password"=>"[FILTERED]", "password_confirmation"=>"[FILTERED]"}, "registration"=>{"user"=>{"email"=>"rocks@example.com", "password"=>"[FILTERED]", "password_confirmation"=>"[FILTERED]"}}}
  [1m[36mTRANSACTION (0.0ms)[0m  [1m[36mbegin transaction[0m
  [1m[36mUser Create (2.2ms)[0m  [1m[32mINSERT INTO "users" ("email", "encrypted_password", "reset_password_token", "reset_password_sent_at", "remember_created_at", "created_at", "updated_at") VALUES (?, ?, ?, ?, ?, ?, ?)[0m  [["email", "rocks@example.com"], ["encrypted_password", "[FILTERED]"], ["reset_password_token", "[FILTERED]"], ["reset_password_sent_at", "[FILTERED]"], ["remember_created_at", nil], ["created_at", "2023-10-31 19:11:44.659568"], ["updated_at", "2023-10-31 19:11:44.659568"]]
  [1m[36mTRANSACTION (0.8ms)[0m  [1m[36mcommit transaction[0m
Completed 200 OK in 577ms (Views: 0.4ms | ActiveRecord: 3.5ms | Allocations: 16665)


Started POST "/users" for ::1 at 2023-11-02 18:57:56 -0600
  [1m[36mActiveRecord::SchemaMigration Pluck (0.5ms)[0m  [1m[34mSELECT "schema_migrations"."version" FROM "schema_migrations" ORDER BY "schema_migrations"."version" ASC[0m
Processing by Users::RegistrationsController#create as HTML
  Parameters: {"user"=>{"email"=>"mr.landodlp@gmail.com", "password"=>"[FILTERED]"}, "registration"=>{"user"=>{"email"=>"mr.landodlp@gmail.com", "password"=>"[FILTERED]"}}}
  [1m[36mTRANSACTION (0.1ms)[0m  [1m[36mbegin transaction[0m
  [1m[36mUser Create (4.2ms)[0m  [1m[32mINSERT INTO "users" ("email", "encrypted_password", "reset_password_token", "reset_password_sent_at", "remember_created_at", "created_at", "updated_at") VALUES (?, ?, ?, ?, ?, ?, ?)[0m  [["email", "mr.landodlp@gmail.com"], ["encrypted_password", "[FILTERED]"], ["reset_password_token", "[FILTERED]"], ["reset_password_sent_at", "[FILTERED]"], ["remember_created_at", nil], ["created_at", "2023-11-03 00:57:57.572344"], ["updated_at", "2023-11-03 00:57:57.572344"]]
  [1m[36mTRANSACTION (1.2ms)[0m  [1m[36mcommit transaction[0m
Completed 200 OK in 366ms (Views: 0.5ms | ActiveRecord: 6.0ms | Allocations: 14600)


Started POST "/users" for ::1 at 2023-11-02 18:59:28 -0600
Processing by Users::RegistrationsController#create as HTML
  Parameters: {"user"=>{"email"=>"mr.landodlp@gmail.com", "password"=>"[FILTERED]"}, "registration"=>{"user"=>{"email"=>"mr.landodlp@gmail.com", "password"=>"[FILTERED]"}}}
  [1m[36mTRANSACTION (0.1ms)[0m  [1m[36mbegin transaction[0m
  [1m[36mUser Create (0.3ms)[0m  [1m[32mINSERT INTO "users" ("email", "encrypted_password", "reset_password_token", "reset_password_sent_at", "remember_created_at", "created_at", "updated_at") VALUES (?, ?, ?, ?, ?, ?, ?)[0m  [["email", "mr.landodlp@gmail.com"], ["encrypted_password", "[FILTERED]"], ["reset_password_token", "[FILTERED]"], ["reset_password_sent_at", "[FILTERED]"], ["remember_created_at", nil], ["created_at", "2023-11-03 00:59:28.678462"], ["updated_at", "2023-11-03 00:59:28.678462"]]
  [1m[36mTRANSACTION (0.0ms)[0m  [1m[31mrollback transaction[0m
Completed 500 Internal Server Error in 206ms (ActiveRecord: 0.4ms | Allocations: 3381)


  
ActiveRecord::RecordNotUnique (SQLite3::ConstraintException: UNIQUE constraint failed: users.email):
  
sqlite3-1.6.7-x86_64 (darwin) lib/sqlite3/statement.rb:108:in `step'
sqlite3-1.6.7-x86_64 (darwin) lib/sqlite3/statement.rb:108:in `block in each'
sqlite3-1.6.7-x86_64 (darwin) lib/sqlite3/statement.rb:107:in `loop'
sqlite3-1.6.7-x86_64 (darwin) lib/sqlite3/statement.rb:107:in `each'
activerecord (7.0.8) lib/active_record/connection_adapters/sqlite3/database_statements.rb:56:in `to_a'
activerecord (7.0.8) lib/active_record/connection_adapters/sqlite3/database_statements.rb:56:in `block (2 levels) in exec_query'
activesupport (7.0.8) lib/active_support/concurrency/share_lock.rb:187:in `yield_shares'
activesupport (7.0.8) lib/active_support/dependencies/interlock.rb:41:in `permit_concurrent_loads'
activerecord (7.0.8) lib/active_record/connection_adapters/sqlite3/database_statements.rb:47:in `block in exec_query'
activesupport (7.0.8) lib/active_support/concurrency/load_interlock_aware_monitor.rb:25:in `handle_interrupt'
activesupport (7.0.8) lib/active_support/concurrency/load_interlock_aware_monitor.rb:25:in `block in synchronize'
activesupport (7.0.8) lib/active_support/concurrency/load_interlock_aware_monitor.rb:21:in `handle_interrupt'
activesupport (7.0.8) lib/active_support/concurrency/load_interlock_aware_monitor.rb:21:in `synchronize'
activerecord (7.0.8) lib/active_record/connection_adapters/abstract_adapter.rb:752:in `block in log'
activesupport (7.0.8) lib/active_support/notifications/instrumenter.rb:24:in `instrument'
activerecord (7.0.8) lib/active_record/connection_adapters/abstract_adapter.rb:743:in `log'
activerecord (7.0.8) lib/active_record/connection_adapters/sqlite3/database_statements.rb:46:in `exec_query'
activerecord (7.0.8) lib/active_record/connection_adapters/abstract/database_statements.rb:132:in `exec_insert'
activerecord (7.0.8) lib/active_record/connection_adapters/abstract/database_statements.rb:167:in `insert'
activerecord (7.0.8) lib/active_record/connection_adapters/abstract/query_cache.rb:22:in `insert'
activerecord (7.0.8) lib/active_record/persistence.rb:496:in `_insert_record'
activerecord (7.0.8) lib/active_record/persistence.rb:1098:in `_create_record'
activerecord (7.0.8) lib/active_record/counter_cache.rb:166:in `_create_record'
activerecord (7.0.8) lib/active_record/locking/optimistic.rb:84:in `_create_record'
activerecord (7.0.8) lib/active_record/attribute_methods/dirty.rb:222:in `_create_record'
activerecord (7.0.8) lib/active_record/callbacks.rb:459:in `block in _create_record'
activesupport (7.0.8) lib/active_support/callbacks.rb:99:in `run_callbacks'
activesupport (7.0.8) lib/active_support/callbacks.rb:929:in `_run_create_callbacks'
activerecord (7.0.8) lib/active_record/callbacks.rb:459:in `_create_record'
activerecord (7.0.8) lib/active_record/timestamp.rb:108:in `_create_record'
activerecord (7.0.8) lib/active_record/persistence.rb:1069:in `create_or_update'
activerecord (7.0.8) lib/active_record/callbacks.rb:455:in `block in create_or_update'
activesupport (7.0.8) lib/active_support/callbacks.rb:99:in `run_callbacks'
activesupport (7.0.8) lib/active_support/callbacks.rb:929:in `_run_save_callbacks'
activerecord (7.0.8) lib/active_record/callbacks.rb:455:in `create_or_update'
activerecord (7.0.8) lib/active_record/timestamp.rb:126:in `create_or_update'
activerecord (7.0.8) lib/active_record/persistence.rb:615:in `save'
activerecord (7.0.8) lib/active_record/validations.rb:47:in `save'
activerecord (7.0.8) lib/active_record/transactions.rb:298:in `block in save'
activerecord (7.0.8) lib/active_record/transactions.rb:354:in `block in with_transaction_returning_status'
activerecord (7.0.8) lib/active_record/connection_adapters/abstract/transaction.rb:319:in `block in within_new_transaction'
activesupport (7.0.8) lib/active_support/concurrency/load_interlock_aware_monitor.rb:25:in `handle_interrupt'
activesupport (7.0.8) lib/active_support/concurrency/load_interlock_aware_monitor.rb:25:in `block in synchronize'
activesupport (7.0.8) lib/active_support/concurrency/load_interlock_aware_monitor.rb:21:in `handle_interrupt'
activesupport (7.0.8) lib/active_support/concurrency/load_interlock_aware_monitor.rb:21:in `synchronize'
activerecord (7.0.8) lib/active_record/connection_adapters/abstract/transaction.rb:317:in `within_new_transaction'
activerecord (7.0.8) lib/active_record/connection_adapters/abstract/database_statements.rb:316:in `transaction'
activerecord (7.0.8) lib/active_record/transactions.rb:350:in `with_transaction_returning_status'
activerecord (7.0.8) lib/active_record/transactions.rb:298:in `save'
activerecord (7.0.8) lib/active_record/suppressor.rb:50:in `save'
devise (4.9.3) app/controllers/devise/registrations_controller.rb:19:in `create'
actionpack (7.0.8) lib/action_controller/metal/basic_implicit_render.rb:6:in `send_action'
actionpack (7.0.8) lib/abstract_controller/base.rb:215:in `process_action'
actionpack (7.0.8) lib/action_controller/metal/rendering.rb:165:in `process_action'
actionpack (7.0.8) lib/abstract_controller/callbacks.rb:234:in `block in process_action'
activesupport (7.0.8) lib/active_support/callbacks.rb:107:in `run_callbacks'
actionpack (7.0.8) lib/abstract_controller/callbacks.rb:233:in `process_action'
actionpack (7.0.8) lib/action_controller/metal/rescue.rb:23:in `process_action'
actionpack (7.0.8) lib/action_controller/metal/instrumentation.rb:67:in `block in process_action'
activesupport (7.0.8) lib/active_support/notifications.rb:206:in `block in instrument'
activesupport (7.0.8) lib/active_support/notifications/instrumenter.rb:24:in `instrument'
activesupport (7.0.8) lib/active_support/notifications.rb:206:in `instrument'
actionpack (7.0.8) lib/action_controller/metal/instrumentation.rb:66:in `process_action'
actionpack (7.0.8) lib/action_controller/metal/params_wrapper.rb:259:in `process_action'
activerecord (7.0.8) lib/active_record/railties/controller_runtime.rb:27:in `process_action'
actionpack (7.0.8) lib/abstract_controller/base.rb:151:in `process'
actionpack (7.0.8) lib/action_controller/metal.rb:188:in `dispatch'
actionpack (7.0.8) lib/action_controller/metal.rb:251:in `dispatch'
actionpack (7.0.8) lib/action_dispatch/routing/route_set.rb:49:in `dispatch'
actionpack (7.0.8) lib/action_dispatch/routing/route_set.rb:32:in `serve'
actionpack (7.0.8) lib/action_dispatch/routing/mapper.rb:18:in `block in <class:Constraints>'
actionpack (7.0.8) lib/action_dispatch/routing/mapper.rb:48:in `serve'
actionpack (7.0.8) lib/action_dispatch/journey/router.rb:50:in `block in serve'
actionpack (7.0.8) lib/action_dispatch/journey/router.rb:32:in `each'
actionpack (7.0.8) lib/action_dispatch/journey/router.rb:32:in `serve'
actionpack (7.0.8) lib/action_dispatch/routing/route_set.rb:852:in `call'
warden-jwt_auth (0.8.0) lib/warden/jwt_auth/middleware/token_dispatcher.rb:20:in `call'
warden-jwt_auth (0.8.0) lib/warden/jwt_auth/middleware/revocation_manager.rb:21:in `call'
rack (2.2.8) lib/rack/builder.rb:244:in `call'
warden-jwt_auth (0.8.0) lib/warden/jwt_auth/middleware.rb:22:in `call'
rack (2.2.8) lib/rack/session/abstract/id.rb:266:in `context'
rack (2.2.8) lib/rack/session/abstract/id.rb:260:in `call'
actionpack (7.0.8) lib/action_dispatch/middleware/cookies.rb:704:in `call'
warden (1.2.9) lib/warden/manager.rb:36:in `block in call'
warden (1.2.9) lib/warden/manager.rb:34:in `catch'
warden (1.2.9) lib/warden/manager.rb:34:in `call'
rack (2.2.8) lib/rack/etag.rb:27:in `call'
rack (2.2.8) lib/rack/conditional_get.rb:40:in `call'
rack (2.2.8) lib/rack/head.rb:12:in `call'
activerecord (7.0.8) lib/active_record/migration.rb:638:in `call'
actionpack (7.0.8) lib/action_dispatch/middleware/callbacks.rb:27:in `block in call'
activesupport (7.0.8) lib/active_support/callbacks.rb:99:in `run_callbacks'
actionpack (7.0.8) lib/action_dispatch/middleware/callbacks.rb:26:in `call'
actionpack (7.0.8) lib/action_dispatch/middleware/executor.rb:14:in `call'
actionpack (7.0.8) lib/action_dispatch/middleware/actionable_exceptions.rb:17:in `call'
actionpack (7.0.8) lib/action_dispatch/middleware/debug_exceptions.rb:28:in `call'
actionpack (7.0.8) lib/action_dispatch/middleware/show_exceptions.rb:29:in `call'
railties (7.0.8) lib/rails/rack/logger.rb:40:in `call_app'
railties (7.0.8) lib/rails/rack/logger.rb:25:in `block in call'
activesupport (7.0.8) lib/active_support/tagged_logging.rb:99:in `block in tagged'
activesupport (7.0.8) lib/active_support/tagged_logging.rb:37:in `tagged'
activesupport (7.0.8) lib/active_support/tagged_logging.rb:99:in `tagged'
railties (7.0.8) lib/rails/rack/logger.rb:25:in `call'
actionpack (7.0.8) lib/action_dispatch/middleware/remote_ip.rb:93:in `call'
actionpack (7.0.8) lib/action_dispatch/middleware/request_id.rb:26:in `call'
rack (2.2.8) lib/rack/runtime.rb:22:in `call'
activesupport (7.0.8) lib/active_support/cache/strategy/local_cache_middleware.rb:29:in `call'
actionpack (7.0.8) lib/action_dispatch/middleware/server_timing.rb:61:in `block in call'
actionpack (7.0.8) lib/action_dispatch/middleware/server_timing.rb:26:in `collect_events'
actionpack (7.0.8) lib/action_dispatch/middleware/server_timing.rb:60:in `call'
actionpack (7.0.8) lib/action_dispatch/middleware/executor.rb:14:in `call'
actionpack (7.0.8) lib/action_dispatch/middleware/static.rb:23:in `call'
rack (2.2.8) lib/rack/sendfile.rb:110:in `call'
actionpack (7.0.8) lib/action_dispatch/middleware/host_authorization.rb:138:in `call'
rack-cors (2.0.1) lib/rack/cors.rb:102:in `call'
webpacker (5.4.4) lib/webpacker/dev_server_proxy.rb:25:in `perform_request'
rack-proxy (0.7.7) lib/rack/proxy.rb:87:in `call'
railties (7.0.8) lib/rails/engine.rb:530:in `call'
puma (5.6.7) lib/puma/configuration.rb:252:in `call'
puma (5.6.7) lib/puma/request.rb:77:in `block in handle_request'
puma (5.6.7) lib/puma/thread_pool.rb:340:in `with_force_shutdown'
puma (5.6.7) lib/puma/request.rb:76:in `handle_request'
puma (5.6.7) lib/puma/server.rb:443:in `process_client'
puma (5.6.7) lib/puma/thread_pool.rb:147:in `block in spawn_thread'
Started POST "/users" for ::1 at 2023-11-02 19:00:22 -0600
Processing by Users::RegistrationsController#create as HTML
  Parameters: {"user"=>{"email"=>"qwe@qwe.com", "password"=>"[FILTERED]"}, "registration"=>{"user"=>{"email"=>"qwe@qwe.com", "password"=>"[FILTERED]"}}}
  [1m[36mTRANSACTION (0.0ms)[0m  [1m[36mbegin transaction[0m
  [1m[36mUser Create (0.5ms)[0m  [1m[32mINSERT INTO "users" ("email", "encrypted_password", "reset_password_token", "reset_password_sent_at", "remember_created_at", "created_at", "updated_at") VALUES (?, ?, ?, ?, ?, ?, ?)[0m  [["email", "qwe@qwe.com"], ["encrypted_password", "[FILTERED]"], ["reset_password_token", "[FILTERED]"], ["reset_password_sent_at", "[FILTERED]"], ["remember_created_at", nil], ["created_at", "2023-11-03 01:00:23.057201"], ["updated_at", "2023-11-03 01:00:23.057201"]]
  [1m[36mTRANSACTION (1.5ms)[0m  [1m[36mcommit transaction[0m
Completed 200 OK in 212ms (Views: 0.2ms | ActiveRecord: 2.1ms | Allocations: 3671)


Started POST "/users/sign_in" for ::1 at 2023-11-02 19:01:04 -0600
Processing by Users::SessionsController#create as HTML
  Parameters: {"user"=>{"email"=>"qwe@qwe.com", "password"=>"[FILTERED]"}, "session"=>{"user"=>{"email"=>"qwe@qwe.com", "password"=>"[FILTERED]"}}}
  [1m[36mUser Load (0.5ms)[0m  [1m[34mSELECT "users".* FROM "users" WHERE "users"."email" = ? ORDER BY "users"."id" ASC LIMIT ?[0m  [["email", "qwe@qwe.com"], ["LIMIT", 1]]
Completed 401 Unauthorized in 205ms (ActiveRecord: 0.5ms | Allocations: 2659)


Processing by Users::SessionsController#new as HTML
  Parameters: {"user"=>{"email"=>"qwe@qwe.com", "password"=>"[FILTERED]"}, "session"=>{"user"=>{"email"=>"qwe@qwe.com", "password"=>"[FILTERED]"}}}
Completed 200 OK in 186ms (Views: 0.1ms | ActiveRecord: 0.0ms | Allocations: 407)


Started POST "/users" for ::1 at 2023-11-02 19:01:26 -0600
Processing by Users::RegistrationsController#create as HTML
  Parameters: {"user"=>{"email"=>"qw@qw.com", "password"=>"[FILTERED]"}, "registration"=>{"user"=>{"email"=>"qw@qw.com", "password"=>"[FILTERED]"}}}
  [1m[36mTRANSACTION (0.0ms)[0m  [1m[36mbegin transaction[0m
  [1m[36mUser Create (0.5ms)[0m  [1m[32mINSERT INTO "users" ("email", "encrypted_password", "reset_password_token", "reset_password_sent_at", "remember_created_at", "created_at", "updated_at") VALUES (?, ?, ?, ?, ?, ?, ?)[0m  [["email", "qw@qw.com"], ["encrypted_password", "[FILTERED]"], ["reset_password_token", "[FILTERED]"], ["reset_password_sent_at", "[FILTERED]"], ["remember_created_at", nil], ["created_at", "2023-11-03 01:01:26.468826"], ["updated_at", "2023-11-03 01:01:26.468826"]]
  [1m[36mTRANSACTION (1.6ms)[0m  [1m[36mcommit transaction[0m
Completed 200 OK in 206ms (Views: 0.2ms | ActiveRecord: 2.2ms | Allocations: 3526)


Started POST "/users/sign_in" for ::1 at 2023-11-02 19:02:09 -0600
Processing by Users::SessionsController#create as HTML
  Parameters: {"user"=>{"email"=>"qw@qw.com", "password"=>"[FILTERED]"}, "session"=>{"user"=>{"email"=>"qw@qw.com", "password"=>"[FILTERED]"}}}
  [1m[36mUser Load (0.1ms)[0m  [1m[34mSELECT "users".* FROM "users" WHERE "users"."email" = ? ORDER BY "users"."id" ASC LIMIT ?[0m  [["email", "qw@qw.com"], ["LIMIT", 1]]
Completed 200 OK in 206ms (Views: 0.3ms | ActiveRecord: 0.1ms | Allocations: 1699)


